<?xml version="1.0" encoding="UTF-8"?>
<coverage generated="1506212068990" clover="3.2.0">
  <project timestamp="1506212068990" name="All files">
    <metrics statements="4" coveredstatements="1" conditionals="0" coveredconditionals="0" methods="2" coveredmethods="1" elements="6" coveredelements="2" complexity="0" loc="4" ncloc="4" packages="1" files="2" classes="2">
      <file name="sum.js" path="/Users/zhenglu/Documents/GitHub/testing/jest-demo/sum.js">
        <metrics statements="1" coveredstatements="1" conditionals="0" coveredconditionals="0" methods="1" coveredmethods="1"/>
        <line num="2" count="1" type="stmt"/>
      </file>
      <file name="unCoveraged.js" path="/Users/zhenglu/Documents/GitHub/testing/jest-demo/unCoveraged.js">
        <metrics statements="3" coveredstatements="0" conditionals="0" coveredconditionals="0" methods="1" coveredmethods="0"/>
        <line num="1" count="0" type="stmt"/>
        <line num="2" count="0" type="stmt"/>
        <line num="3" count="0" type="stmt"/>
      </file>
    </metrics>
  </project>
</coverage>
