{"/Users/zhenglu/Documents/GitHub/testing/jest-demo/sum.js": {"path":"/Users/zhenglu/Documents/GitHub/testing/jest-demo/sum.js","statementMap":{"0":{"start":{"line":2,"column":4},"end":{"line":2,"column":17}}},"fnMap":{"0":{"name":"sum","decl":{"start":{"line":1,"column":9},"end":{"line":1,"column":12}},"loc":{"start":{"line":1,"column":19},"end":{"line":3,"column":3}},"line":1}},"branchMap":{},"s":{"0":1},"f":{"0":1},"b":{},"_coverageSchema":"332fd63041d2c1bcb487cc26dd0d5f7d97098a6c","hash":"0011209aea71ab1a2b51dc6686ee70db02d83795"}
,"/Users/zhenglu/Documents/GitHub/testing/jest-demo/unCoveraged.js": {"path":"/Users/zhenglu/Documents/GitHub/testing/jest-demo/unCoveraged.js","statementMap":{"0":{"start":{"line":1,"column":13},"end":{"line":1,"column":75}},"1":{"start":{"line":2,"column":4},"end":{"line":2,"column":17}},"2":{"start":{"line":3,"column":1},"end":{"line":4,"column":8}}},"fnMap":{"0":{"name":"useless","decl":{"start":{"line":1,"column":84},"end":{"line":1,"column":91}},"loc":{"start":{"line":1,"column":98},"end":{"line":3,"column":1}},"line":1}},"branchMap":{},"s":{"0":0,"1":0,"2":0},"f":{"0":0},"b":{}}
}
